<?xml version="1.0" encoding="UTF-8"?>
<!-- Generated by org.testng.reporters.JUnitReportReporter -->
<testsuite ignored="0" hostname="MglTrrs930627" failures="0" tests="1" name="testing.Test_Selenium_TestNG" time="1.697" errors="0" timestamp="20 jul 2024 17:16:00 GMT" skipped="0">
  <testcase classname="testing.Test_Selenium_TestNG" name="f" time="1.697"/>
</testsuite> <!-- testing.Test_Selenium_TestNG -->
